\BOOKMARK [1][-]{section.1}{\376\377\261\174\273\070\310\025\274\364}{}% 1
\BOOKMARK [1][-]{section.2}{\376\377\274\364\305\110\000\040\254\034\261\120}{}% 2
\BOOKMARK [2][-]{subsection.2.1}{\376\377\000O\000W\000\040\000t\000r\000a\000p\000d\000o\000o\000r\000\040\000p\000e\000r\000m\000u\000t\000a\000t\000i\000o\000n}{section.2}% 3
\BOOKMARK [2][-]{subsection.2.2}{\376\377\000P\000a\000r\000t\000i\000a\000l\000-\000d\000o\000m\000a\000i\000n\000\040\000O\000W\000\040\000t\000r\000a\000p\000d\000o\000o\000r\000\040\000p\000e\000r\000m\000u\000t\000a\000t\000i\000o\000n}{section.2}% 4
\BOOKMARK [2][-]{subsection.2.3}{\376\377\000S\000e\000t\000\040\000p\000a\000r\000t\000i\000a\000l\000-\000d\000o\000m\000a\000i\000n\000\040\000O\000W\000\040\000t\000r\000a\000p\000d\000o\000o\000r\000\040\000p\000e\000r\000m\000u\000t\000a\000t\000i\000o\000n}{section.2}% 5
\BOOKMARK [2][-]{subsection.2.4}{\376\377\000I\000N\000D\000\040\000s\000e\000c\000u\000r\000i\000t\000y\000\040\000a\000g\000a\000i\000n\000s\000t\000\040\000C\000C\000A\0002}{section.2}% 6
\BOOKMARK [2][-]{subsection.2.5}{\376\377\000I\000N\000D\000\040\000s\000e\000c\000u\000r\000i\000t\000y\000\040\000a\000g\000a\000i\000n\000s\000t\000\040\000C\000C\000A\0002\000\040\000i\000n\000\040\000R\000O\000M}{section.2}% 7
\BOOKMARK [1][-]{section.3}{\376\377\000R\000S\000A\000-\000O\000A\000E\000P}{}% 8
\BOOKMARK [1][-]{section.4}{\376\377\311\235\272\205}{}% 9
\BOOKMARK [2][-]{subsection.4.1}{\376\377\311\235\272\205\000:\000\040\000R\000e\000d\000u\000c\000t\000i\000o\000n\000\040\000a\000n\000d\000\040\000s\000i\000m\000u\000l\000a\000t\000i\000o\000n}{section.4}% 10
\BOOKMARK [2][-]{subsection.4.2}{\376\377\311\235\272\205\000:\000\040\300\254\254\164\000\040\310\025\307\130}{section.4}% 11
\BOOKMARK [2][-]{subsection.4.3}{\376\377\311\235\272\205\000:\000\040\000A\000n\000a\000l\000y\000s\000i\000s\000\040\000o\000f\000\040\000t\000h\000e\000\040\000D\000e\000c\000r\000y\000p\000t\000i\000o\000n\000\040\000O\000r\000a\000c\000l\000e\000\040\000S\000i\000m\000u\000l\000a\000t\000i\000o\000n}{section.4}% 12
\BOOKMARK [1][-]{section.5}{\376\377\000J\000o\000u\000r\000n\000a\000l\000\040\000o\000f\000\040\000C\000r\000y\000p\000t\000o\000l\000o\000g\000y}{}% 13
\BOOKMARK [2][-]{subsection.5.1}{\376\377\267\234\263\144\000\040\306\044\267\174\320\164\000\040\302\334\273\254\270\010\307\164\321\060}{section.5}% 14
\BOOKMARK [2][-]{subsection.5.2}{\376\377\323\311\273\070\000\040\315\224\315\234\256\060}{section.5}% 15
\BOOKMARK [2][-]{subsection.5.3}{\376\377\254\214\307\204\000\040\255\154\301\061}{section.5}% 16
\BOOKMARK [3][-]{subsubsection.5.3.1}{\376\377\0000\000\040\274\210\311\370\000\040\254\214\307\204}{subsection.5.3}% 17
\BOOKMARK [3][-]{subsubsection.5.3.2}{\376\377\0001\000\040\274\210\311\370\000\040\254\214\307\204}{subsection.5.3}% 18
\BOOKMARK [3][-]{subsubsection.5.3.3}{\376\377\0002\000\040\274\210\311\370\000\040\254\214\307\204}{subsection.5.3}% 19
\BOOKMARK [3][-]{subsubsection.5.3.4}{\376\377\0003\000\040\274\210\311\370\000\040\254\214\307\204}{subsection.5.3}% 20
\BOOKMARK [3][-]{subsubsection.5.3.5}{\376\377\0004\000\040\274\210\311\370\000\040\254\214\307\204}{subsection.5.3}% 21
\BOOKMARK [3][-]{subsubsection.5.3.6}{\376\377\0005\000\040\274\210\311\370\000\040\254\214\307\204}{subsection.5.3}% 22
\BOOKMARK [3][-]{subsubsection.5.3.7}{\376\377\0006\000\040\274\210\311\370\000\040\254\214\307\204}{subsection.5.3}% 23
\BOOKMARK [3][-]{subsubsection.5.3.8}{\376\377\0007\000\040\274\210\311\370\000\040\254\214\307\204}{subsection.5.3}% 24
\BOOKMARK [3][-]{subsubsection.5.3.9}{\376\377\0008\000\040\274\210\311\370\000\040\254\214\307\204}{subsection.5.3}% 25
\BOOKMARK [1][-]{appendix.A}{\376\377\274\364\310\160\310\025\271\254}{}% 26
